Determining if the pthread_create exist failed with the following output:
Change Dir: /home/terz99/Workspace/homeworks/SADS/hw1/build/CMakeFiles/CMakeTmp

Run Build Command:"/usr/bin/make" "cmTC_6083b/fast"
/usr/bin/make -f CMakeFiles/cmTC_6083b.dir/build.make CMakeFiles/cmTC_6083b.dir/build
make[1]: Entering directory '/home/terz99/Workspace/homeworks/SADS/hw1/build/CMakeFiles/CMakeTmp'
Building C object CMakeFiles/cmTC_6083b.dir/CheckSymbolExists.c.o
/usr/bin/cc   -g -O0 -Wall -W -fprofile-arcs -ftest-coverage    -o CMakeFiles/cmTC_6083b.dir/CheckSymbolExists.c.o   -c /home/terz99/Workspace/homeworks/SADS/hw1/build/CMakeFiles/CMakeTmp/CheckSymbolExists.c
Linking C executable cmTC_6083b
/usr/bin/cmake -E cmake_link_script CMakeFiles/cmTC_6083b.dir/link.txt --verbose=1
/usr/bin/cc -g -O0 -Wall -W -fprofile-arcs -ftest-coverage     -rdynamic CMakeFiles/cmTC_6083b.dir/CheckSymbolExists.c.o  -o cmTC_6083b 
/usr/bin/ld: CMakeFiles/cmTC_6083b.dir/CheckSymbolExists.c.o: in function `main':
/home/terz99/Workspace/homeworks/SADS/hw1/build/CMakeFiles/CMakeTmp/CheckSymbolExists.c:8: undefined reference to `pthread_create'
collect2: error: ld returned 1 exit status
make[1]: *** [CMakeFiles/cmTC_6083b.dir/build.make:87: cmTC_6083b] Error 1
make[1]: Leaving directory '/home/terz99/Workspace/homeworks/SADS/hw1/build/CMakeFiles/CMakeTmp'
make: *** [Makefile:121: cmTC_6083b/fast] Error 2

File /home/terz99/Workspace/homeworks/SADS/hw1/build/CMakeFiles/CMakeTmp/CheckSymbolExists.c:
/* */
#include <pthread.h>

int main(int argc, char** argv)
{
  (void)argv;
#ifndef pthread_create
  return ((int*)(&pthread_create))[argc];
#else
  (void)argc;
  return 0;
#endif
}

Determining if the function pthread_create exists in the pthreads failed with the following output:
Change Dir: /home/terz99/Workspace/homeworks/SADS/hw1/build/CMakeFiles/CMakeTmp

Run Build Command:"/usr/bin/make" "cmTC_be19e/fast"
/usr/bin/make -f CMakeFiles/cmTC_be19e.dir/build.make CMakeFiles/cmTC_be19e.dir/build
make[1]: Entering directory '/home/terz99/Workspace/homeworks/SADS/hw1/build/CMakeFiles/CMakeTmp'
Building C object CMakeFiles/cmTC_be19e.dir/CheckFunctionExists.c.o
/usr/bin/cc   -g -O0 -Wall -W -fprofile-arcs -ftest-coverage -DCHECK_FUNCTION_EXISTS=pthread_create   -o CMakeFiles/cmTC_be19e.dir/CheckFunctionExists.c.o   -c /usr/share/cmake-3.13/Modules/CheckFunctionExists.c
Linking C executable cmTC_be19e
/usr/bin/cmake -E cmake_link_script CMakeFiles/cmTC_be19e.dir/link.txt --verbose=1
/usr/bin/cc -g -O0 -Wall -W -fprofile-arcs -ftest-coverage -DCHECK_FUNCTION_EXISTS=pthread_create    -rdynamic CMakeFiles/cmTC_be19e.dir/CheckFunctionExists.c.o  -o cmTC_be19e -lpthreads 
/usr/bin/ld: cannot find -lpthreads
collect2: error: ld returned 1 exit status
make[1]: *** [CMakeFiles/cmTC_be19e.dir/build.make:87: cmTC_be19e] Error 1
make[1]: Leaving directory '/home/terz99/Workspace/homeworks/SADS/hw1/build/CMakeFiles/CMakeTmp'
make: *** [Makefile:121: cmTC_be19e/fast] Error 2


